<?xml version="1.0" encoding="UTF-8"?>
<!-- Generated by org.testng.reporters.JUnitXMLReporter -->
<testsuite hostname="LAPTOP-3A6ILT37" name="LoginTest" tests="6" failures="0" timestamp="23 Jul 2021 08:14:07 GMT" time="0.031" errors="0">
  <testcase name="test04" time="0.001" classname="cn.itcast.seletest.JtTest"/>
  <testcase name="test01" time="0.0" classname="cn.itcast.seletest.JtTest">
    <skipped/>
  </testcase> <!-- test01 -->
  <testcase name="test01" time="0.001" classname="cn.itcast.seletest.JtTest">
    <skipped/>
  </testcase> <!-- test01 -->
  <testcase name="test01" time="0.001" classname="cn.itcast.seletest.JtTest"/>
  <testcase name="test03" time="0.001" classname="cn.itcast.seletest.JtTest"/>
  <testcase name="test02" time="0.0" classname="cn.itcast.seletest.JtTest"/>
</testsuite> <!-- LoginTest -->
